# JRE version: OpenJDK Runtime Environment Temurin-17.0.6+10 (17.0.6+10) (build 17.0.6+10)
# Java VM: OpenJDK 64-Bit Server VM Temurin-17.0.6+10 (17.0.6+10, mixed mode, tiered, compressed oops, compressed class ptrs, g1 gc, windows-amd64)
GC Precious Log:
 CPUs: 6 total, 6 available
 Memory: 7860M
 Large Page Support: Disabled
 NUMA Support: Disabled
 Compressed Oops: Enabled (32-bit)
 Heap Region Size: 1M
 Heap Min Capacity: 8M
 Heap Initial Capacity: 124M
 Heap Max Capacity: 1966M
 Pre-touch: Disabled
 Parallel Workers: 6
 Concurrent Workers: 2
 Concurrent Refinement Workers: 6
 Periodic GC: Disabled
Heap:
 garbage-first heap   total 424960K, used 278484K [0x0000000085200000, 0x0000000100000000)
  region size 1024K, 3 young (3072K), 3 survivors (3072K)
 Metaspace       used 18457K, committed 18624K, reserved 1073152K
  class space    used 1823K, committed 1920K, reserved 1048576K
GC Heap History (20 events):
Event: 3.443 GC heap after
{Heap after GC invocations=13 (full 5):
 garbage-first heap   total 370688K, used 143846K [0x0000000085200000, 0x0000000100000000)
  region size 1024K, 0 young (0K), 0 survivors (0K)
 Metaspace       used 17627K, committed 17792K, reserved 1064960K
  class space    used 1765K, committed 1856K, reserved 1048576K
}
Event: 3.444 GC heap before
{Heap before GC invocations=13 (full 5):
 garbage-first heap   total 370688K, used 143846K [0x0000000085200000, 0x0000000100000000)
  region size 1024K, 1 young (1024K), 0 survivors (0K)
 Metaspace       used 17627K, committed 17792K, reserved 1064960K
  class space    used 1765K, committed 1856K, reserved 1048576K
}
Event: 3.499 GC heap after
{Heap after GC invocations=14 (full 6):
 garbage-first heap   total 370688K, used 133443K [0x0000000085200000, 0x0000000100000000)
  region size 1024K, 0 young (0K), 0 survivors (0K)
 Metaspace       used 17627K, committed 17792K, reserved 1064960K
  class space    used 1765K, committed 1856K, reserved 1048576K
}
Event: 3.500 GC heap before
{Heap before GC invocations=14 (full 6):
 garbage-first heap   total 370688K, used 133443K [0x0000000085200000, 0x0000000100000000)
  region size 1024K, 0 young (0K), 0 survivors (0K)
 Metaspace       used 17627K, committed 17792K, reserved 1064960K
  class space    used 1765K, committed 1856K, reserved 1048576K
}
Event: 3.554 GC heap after
{Heap after GC invocations=15 (full 7):
 garbage-first heap   total 370688K, used 133443K [0x0000000085200000, 0x0000000100000000)
  region size 1024K, 0 young (0K), 0 survivors (0K)
 Metaspace       used 17627K, committed 17792K, reserved 1064960K
  class space    used 1765K, committed 1856K, reserved 1048576K
}
Event: 3.555 GC heap before
{Heap before GC invocations=15 (full 7):
 garbage-first heap   total 370688K, used 133443K [0x0000000085200000, 0x0000000100000000)
  region size 1024K, 1 young (1024K), 0 survivors (0K)
 Metaspace       used 17627K, committed 17792K, reserved 1064960K
  class space    used 1765K, committed 1856K, reserved 1048576K
}
Event: 3.610 GC heap after
{Heap after GC invocations=16 (full 8):
 garbage-first heap   total 370688K, used 133444K [0x0000000085200000, 0x0000000100000000)
  region size 1024K, 0 young (0K), 0 survivors (0K)
 Metaspace       used 17627K, committed 17792K, reserved 1064960K
  class space    used 1765K, committed 1856K, reserved 1048576K
}
Event: 3.617 GC heap before
{Heap before GC invocations=16 (full 8):
 garbage-first heap   total 370688K, used 146756K [0x0000000085200000, 0x0000000100000000)
  region size 1024K, 14 young (14336K), 0 survivors (0K)
 Metaspace       used 17627K, committed 17792K, reserved 1064960K
  class space    used 1765K, committed 1856K, reserved 1048576K
}
Event: 3.679 GC heap after
{Heap after GC invocations=17 (full 9):
 garbage-first heap   total 370688K, used 143847K [0x0000000085200000, 0x0000000100000000)
  region size 1024K, 0 young (0K), 0 survivors (0K)
 Metaspace       used 17627K, committed 17792K, reserved 1064960K
  class space    used 1765K, committed 1856K, reserved 1048576K
}
Event: 4.134 GC heap before
{Heap before GC invocations=17 (full 9):
 garbage-first heap   total 370688K, used 232935K [0x0000000085200000, 0x0000000100000000)
  region size 1024K, 87 young (89088K), 0 survivors (0K)
 Metaspace       used 17627K, committed 17792K, reserved 1064960K
  class space    used 1765K, committed 1856K, reserved 1048576K
}
Event: 4.156 GC heap after
{Heap after GC invocations=18 (full 9):
 garbage-first heap   total 370688K, used 182759K [0x0000000085200000, 0x0000000100000000)
  region size 1024K, 11 young (11264K), 11 survivors (11264K)
 Metaspace       used 17627K, committed 17792K, reserved 1064960K
  class space    used 1765K, committed 1856K, reserved 1048576K
}
Event: 4.380 GC heap before
{Heap before GC invocations=18 (full 9):
 garbage-first heap   total 370688K, used 251367K [0x0000000085200000, 0x0000000100000000)
  region size 1024K, 78 young (79872K), 11 survivors (11264K)
 Metaspace       used 17627K, committed 17792K, reserved 1064960K
  class space    used 1765K, committed 1856K, reserved 1048576K
}
Event: 4.395 GC heap after
{Heap after GC invocations=19 (full 9):
 garbage-first heap   total 370688K, used 212455K [0x0000000085200000, 0x0000000100000000)
  region size 1024K, 10 young (10240K), 10 survivors (10240K)
 Metaspace       used 17627K, committed 17792K, reserved 1064960K
  class space    used 1765K, committed 1856K, reserved 1048576K
}
Event: 4.595 GC heap before
{Heap before GC invocations=20 (full 9):
 garbage-first heap   total 424960K, used 270823K [0x0000000085200000, 0x0000000100000000)
  region size 1024K, 67 young (68608K), 10 survivors (10240K)
 Metaspace       used 17631K, committed 17792K, reserved 1064960K
  class space    used 1765K, committed 1856K, reserved 1048576K
}
Event: 4.611 GC heap after
{Heap after GC invocations=21 (full 9):
 garbage-first heap   total 424960K, used 238567K [0x0000000085200000, 0x0000000100000000)
  region size 1024K, 9 young (9216K), 9 survivors (9216K)
 Metaspace       used 17631K, committed 17792K, reserved 1064960K
  class space    used 1765K, committed 1856K, reserved 1048576K
}
Event: 11.738 GC heap before
{Heap before GC invocations=21 (full 9):
 garbage-first heap   total 424960K, used 290791K [0x0000000085200000, 0x0000000100000000)
  region size 1024K, 61 young (62464K), 9 survivors (9216K)
 Metaspace       used 18113K, committed 18304K, reserved 1073152K
  class space    used 1792K, committed 1856K, reserved 1048576K
}
Event: 11.757 GC heap after
{Heap after GC invocations=22 (full 9):
 garbage-first heap   total 424960K, used 262119K [0x0000000085200000, 0x0000000100000000)
  region size 1024K, 10 young (10240K), 10 survivors (10240K)
 Metaspace       used 18113K, committed 18304K, reserved 1073152K
  class space    used 1792K, committed 1856K, reserved 1048576K
}
Event: 11.821 GC heap before
{Heap before GC invocations=22 (full 9):
 garbage-first heap   total 424960K, used 325607K [0x0000000085200000, 0x0000000100000000)
  region size 1024K, 67 young (68608K), 10 survivors (10240K)
 Metaspace       used 18457K, committed 18624K, reserved 1073152K
  class space    used 1823K, committed 1920K, reserved 1048576K
}
Event: 11.828 GC heap after
{Heap after GC invocations=23 (full 9):
 garbage-first heap   total 424960K, used 275409K [0x0000000085200000, 0x0000000100000000)
  region size 1024K, 6 young (6144K), 6 survivors (6144K)
 Metaspace       used 18457K, committed 18624K, reserved 1073152K
  class space    used 1823K, committed 1920K, reserved 1048576K
}
Event: 11.849 GC heap before
{Heap before GC invocations=23 (full 9):
 garbage-first heap   total 424960K, used 328657K [0x0000000085200000, 0x0000000100000000)
  region size 1024K, 59 young (60416K), 6 survivors (6144K)
 Metaspace       used 18457K, committed 18624K, reserved 1073152K
  class space    used 1823K, committed 1920K, reserved 1048576K
}

